<?xml version="1.0" encoding="UTF-8"?>
<testsuite xmlns:xsi="http://www.w3.org/2001/XMLSchema-instance" xsi:noNamespaceSchemaLocation="https://maven.apache.org/surefire/maven-surefire-plugin/xsd/surefire-test-report-3.0.xsd" version="3.0" name="resources.TestRunner" time="6.619" tests="2" errors="0" skipped="0" failures="0">
  <properties>
    <property name="java.specification.version" value="19"/>
    <property name="sun.cpu.isalist" value="amd64"/>
    <property name="sun.jnu.encoding" value="UTF-8"/>
    <property name="java.class.path" value="C:\Users\FAIZAN REZA\eclipse-workspace\Cucumber\target\test-classes;C:\Users\FAIZAN REZA\eclipse-workspace\Cucumber\target\classes;C:\Users\FAIZAN REZA\.m2\repository\org\slf4j\slf4j-simple\2.0.7\slf4j-simple-2.0.7.jar;C:\Users\FAIZAN REZA\.m2\repository\org\slf4j\slf4j-api\2.0.7\slf4j-api-2.0.7.jar;C:\Users\FAIZAN REZA\.m2\repository\org\junit\jupiter\junit-jupiter-api\5.9.3\junit-jupiter-api-5.9.3.jar;C:\Users\FAIZAN REZA\.m2\repository\org\opentest4j\opentest4j\1.2.0\opentest4j-1.2.0.jar;C:\Users\FAIZAN REZA\.m2\repository\org\junit\platform\junit-platform-commons\1.9.3\junit-platform-commons-1.9.3.jar;C:\Users\FAIZAN REZA\.m2\repository\org\apiguardian\apiguardian-api\1.1.2\apiguardian-api-1.1.2.jar;C:\Users\FAIZAN REZA\.m2\repository\io\cucumber\cucumber-java\7.12.0\cucumber-java-7.12.0.jar;C:\Users\FAIZAN REZA\.m2\repository\io\cucumber\cucumber-core\7.12.0\cucumber-core-7.12.0.jar;C:\Users\FAIZAN REZA\.m2\repository\io\cucumber\cucumber-gherkin\7.12.0\cucumber-gherkin-7.12.0.jar;C:\Users\FAIZAN REZA\.m2\repository\io\cucumber\cucumber-gherkin-messages\7.12.0\cucumber-gherkin-messages-7.12.0.jar;C:\Users\FAIZAN REZA\.m2\repository\io\cucumber\gherkin\26.2.0\gherkin-26.2.0.jar;C:\Users\FAIZAN REZA\.m2\repository\io\cucumber\messages\22.0.0\messages-22.0.0.jar;C:\Users\FAIZAN REZA\.m2\repository\io\cucumber\tag-expressions\5.0.1\tag-expressions-5.0.1.jar;C:\Users\FAIZAN REZA\.m2\repository\io\cucumber\cucumber-expressions\16.1.2\cucumber-expressions-16.1.2.jar;C:\Users\FAIZAN REZA\.m2\repository\io\cucumber\datatable\7.12.0\datatable-7.12.0.jar;C:\Users\FAIZAN REZA\.m2\repository\io\cucumber\cucumber-plugin\7.12.0\cucumber-plugin-7.12.0.jar;C:\Users\FAIZAN REZA\.m2\repository\io\cucumber\docstring\7.12.0\docstring-7.12.0.jar;C:\Users\FAIZAN REZA\.m2\repository\io\cucumber\html-formatter\20.3.0\html-formatter-20.3.0.jar;C:\Users\FAIZAN REZA\.m2\repository\io\cucumber\junit-xml-formatter\0.2.0\junit-xml-formatter-0.2.0.jar;C:\Users\FAIZAN REZA\.m2\repository\io\cucumber\ci-environment\9.2.0\ci-environment-9.2.0.jar;C:\Users\FAIZAN REZA\.m2\repository\io\cucumber\cucumber-junit\7.12.0\cucumber-junit-7.12.0.jar;C:\Users\FAIZAN REZA\.m2\repository\junit\junit\4.13.2\junit-4.13.2.jar;C:\Users\FAIZAN REZA\.m2\repository\org\hamcrest\hamcrest-core\1.3\hamcrest-core-1.3.jar;C:\Users\FAIZAN REZA\.m2\repository\org\apache\poi\poi\5.2.3\poi-5.2.3.jar;C:\Users\FAIZAN REZA\.m2\repository\commons-codec\commons-codec\1.15\commons-codec-1.15.jar;C:\Users\FAIZAN REZA\.m2\repository\org\apache\commons\commons-collections4\4.4\commons-collections4-4.4.jar;C:\Users\FAIZAN REZA\.m2\repository\org\apache\commons\commons-math3\3.6.1\commons-math3-3.6.1.jar;C:\Users\FAIZAN REZA\.m2\repository\commons-io\commons-io\2.11.0\commons-io-2.11.0.jar;C:\Users\FAIZAN REZA\.m2\repository\com\zaxxer\SparseBitSet\1.2\SparseBitSet-1.2.jar;C:\Users\FAIZAN REZA\.m2\repository\org\apache\logging\log4j\log4j-api\2.18.0\log4j-api-2.18.0.jar;C:\Users\FAIZAN REZA\.m2\repository\org\apache\poi\poi-ooxml\5.2.3\poi-ooxml-5.2.3.jar;C:\Users\FAIZAN REZA\.m2\repository\org\apache\poi\poi-ooxml-lite\5.2.3\poi-ooxml-lite-5.2.3.jar;C:\Users\FAIZAN REZA\.m2\repository\org\apache\xmlbeans\xmlbeans\5.1.1\xmlbeans-5.1.1.jar;C:\Users\FAIZAN REZA\.m2\repository\org\apache\commons\commons-compress\1.21\commons-compress-1.21.jar;C:\Users\FAIZAN REZA\.m2\repository\com\github\virtuald\curvesapi\1.07\curvesapi-1.07.jar;C:\Users\FAIZAN REZA\.m2\repository\io\rest-assured\rest-assured\5.3.0\rest-assured-5.3.0.jar;C:\Users\FAIZAN REZA\.m2\repository\org\apache\groovy\groovy\4.0.6\groovy-4.0.6.jar;C:\Users\FAIZAN REZA\.m2\repository\org\apache\groovy\groovy-xml\4.0.6\groovy-xml-4.0.6.jar;C:\Users\FAIZAN REZA\.m2\repository\org\apache\httpcomponents\httpclient\4.5.13\httpclient-4.5.13.jar;C:\Users\FAIZAN REZA\.m2\repository\org\apache\httpcomponents\httpcore\4.4.13\httpcore-4.4.13.jar;C:\Users\FAIZAN REZA\.m2\repository\commons-logging\commons-logging\1.2\commons-logging-1.2.jar;C:\Users\FAIZAN REZA\.m2\repository\org\apache\httpcomponents\httpmime\4.5.13\httpmime-4.5.13.jar;C:\Users\FAIZAN REZA\.m2\repository\org\ccil\cowan\tagsoup\tagsoup\1.2.1\tagsoup-1.2.1.jar;C:\Users\FAIZAN REZA\.m2\repository\io\rest-assured\json-path\5.3.0\json-path-5.3.0.jar;C:\Users\FAIZAN REZA\.m2\repository\org\apache\groovy\groovy-json\4.0.6\groovy-json-4.0.6.jar;C:\Users\FAIZAN REZA\.m2\repository\io\rest-assured\rest-assured-common\5.3.0\rest-assured-common-5.3.0.jar;C:\Users\FAIZAN REZA\.m2\repository\io\rest-assured\xml-path\5.3.0\xml-path-5.3.0.jar;C:\Users\FAIZAN REZA\.m2\repository\org\apache\commons\commons-lang3\3.11\commons-lang3-3.11.jar;C:\Users\FAIZAN REZA\.m2\repository\org\hamcrest\hamcrest\2.2\hamcrest-2.2.jar;C:\Users\FAIZAN REZA\.m2\repository\com\fasterxml\jackson\core\jackson-databind\2.15.1\jackson-databind-2.15.1.jar;C:\Users\FAIZAN REZA\.m2\repository\com\fasterxml\jackson\core\jackson-annotations\2.15.1\jackson-annotations-2.15.1.jar;C:\Users\FAIZAN REZA\.m2\repository\com\fasterxml\jackson\core\jackson-core\2.15.1\jackson-core-2.15.1.jar;C:\Users\FAIZAN REZA\.m2\repository\com\google\code\gson\gson\2.10\gson-2.10.jar;"/>
    <property name="java.vm.vendor" value="Oracle Corporation"/>
    <property name="sun.arch.data.model" value="64"/>
    <property name="user.variant" value=""/>
    <property name="java.vendor.url" value="https://java.oracle.com/"/>
    <property name="user.timezone" value="Asia/Calcutta"/>
    <property name="os.name" value="Windows 11"/>
    <property name="java.vm.specification.version" value="19"/>
    <property name="sun.java.launcher" value="SUN_STANDARD"/>
    <property name="user.country" value="IN"/>
    <property name="sun.boot.library.path" value="C:\Program Files\Java\jdk-19\bin"/>
    <property name="sun.java.command" value="C:\Users\FAIZAN REZA\AppData\Local\Temp\surefire6854136759255428172\surefirebooter-20230531185408984_3.jar C:\Users\FAIZAN REZA\AppData\Local\Temp\surefire6854136759255428172 2023-05-31T18-54-06_693-jvmRun1 surefire-20230531185408984_1tmp surefire_0-20230531185408984_2tmp"/>
    <property name="jdk.debug" value="release"/>
    <property name="surefire.test.class.path" value="C:\Users\FAIZAN REZA\eclipse-workspace\Cucumber\target\test-classes;C:\Users\FAIZAN REZA\eclipse-workspace\Cucumber\target\classes;C:\Users\FAIZAN REZA\.m2\repository\org\slf4j\slf4j-simple\2.0.7\slf4j-simple-2.0.7.jar;C:\Users\FAIZAN REZA\.m2\repository\org\slf4j\slf4j-api\2.0.7\slf4j-api-2.0.7.jar;C:\Users\FAIZAN REZA\.m2\repository\org\junit\jupiter\junit-jupiter-api\5.9.3\junit-jupiter-api-5.9.3.jar;C:\Users\FAIZAN REZA\.m2\repository\org\opentest4j\opentest4j\1.2.0\opentest4j-1.2.0.jar;C:\Users\FAIZAN REZA\.m2\repository\org\junit\platform\junit-platform-commons\1.9.3\junit-platform-commons-1.9.3.jar;C:\Users\FAIZAN REZA\.m2\repository\org\apiguardian\apiguardian-api\1.1.2\apiguardian-api-1.1.2.jar;C:\Users\FAIZAN REZA\.m2\repository\io\cucumber\cucumber-java\7.12.0\cucumber-java-7.12.0.jar;C:\Users\FAIZAN REZA\.m2\repository\io\cucumber\cucumber-core\7.12.0\cucumber-core-7.12.0.jar;C:\Users\FAIZAN REZA\.m2\repository\io\cucumber\cucumber-gherkin\7.12.0\cucumber-gherkin-7.12.0.jar;C:\Users\FAIZAN REZA\.m2\repository\io\cucumber\cucumber-gherkin-messages\7.12.0\cucumber-gherkin-messages-7.12.0.jar;C:\Users\FAIZAN REZA\.m2\repository\io\cucumber\gherkin\26.2.0\gherkin-26.2.0.jar;C:\Users\FAIZAN REZA\.m2\repository\io\cucumber\messages\22.0.0\messages-22.0.0.jar;C:\Users\FAIZAN REZA\.m2\repository\io\cucumber\tag-expressions\5.0.1\tag-expressions-5.0.1.jar;C:\Users\FAIZAN REZA\.m2\repository\io\cucumber\cucumber-expressions\16.1.2\cucumber-expressions-16.1.2.jar;C:\Users\FAIZAN REZA\.m2\repository\io\cucumber\datatable\7.12.0\datatable-7.12.0.jar;C:\Users\FAIZAN REZA\.m2\repository\io\cucumber\cucumber-plugin\7.12.0\cucumber-plugin-7.12.0.jar;C:\Users\FAIZAN REZA\.m2\repository\io\cucumber\docstring\7.12.0\docstring-7.12.0.jar;C:\Users\FAIZAN REZA\.m2\repository\io\cucumber\html-formatter\20.3.0\html-formatter-20.3.0.jar;C:\Users\FAIZAN REZA\.m2\repository\io\cucumber\junit-xml-formatter\0.2.0\junit-xml-formatter-0.2.0.jar;C:\Users\FAIZAN REZA\.m2\repository\io\cucumber\ci-environment\9.2.0\ci-environment-9.2.0.jar;C:\Users\FAIZAN REZA\.m2\repository\io\cucumber\cucumber-junit\7.12.0\cucumber-junit-7.12.0.jar;C:\Users\FAIZAN REZA\.m2\repository\junit\junit\4.13.2\junit-4.13.2.jar;C:\Users\FAIZAN REZA\.m2\repository\org\hamcrest\hamcrest-core\1.3\hamcrest-core-1.3.jar;C:\Users\FAIZAN REZA\.m2\repository\org\apache\poi\poi\5.2.3\poi-5.2.3.jar;C:\Users\FAIZAN REZA\.m2\repository\commons-codec\commons-codec\1.15\commons-codec-1.15.jar;C:\Users\FAIZAN REZA\.m2\repository\org\apache\commons\commons-collections4\4.4\commons-collections4-4.4.jar;C:\Users\FAIZAN REZA\.m2\repository\org\apache\commons\commons-math3\3.6.1\commons-math3-3.6.1.jar;C:\Users\FAIZAN REZA\.m2\repository\commons-io\commons-io\2.11.0\commons-io-2.11.0.jar;C:\Users\FAIZAN REZA\.m2\repository\com\zaxxer\SparseBitSet\1.2\SparseBitSet-1.2.jar;C:\Users\FAIZAN REZA\.m2\repository\org\apache\logging\log4j\log4j-api\2.18.0\log4j-api-2.18.0.jar;C:\Users\FAIZAN REZA\.m2\repository\org\apache\poi\poi-ooxml\5.2.3\poi-ooxml-5.2.3.jar;C:\Users\FAIZAN REZA\.m2\repository\org\apache\poi\poi-ooxml-lite\5.2.3\poi-ooxml-lite-5.2.3.jar;C:\Users\FAIZAN REZA\.m2\repository\org\apache\xmlbeans\xmlbeans\5.1.1\xmlbeans-5.1.1.jar;C:\Users\FAIZAN REZA\.m2\repository\org\apache\commons\commons-compress\1.21\commons-compress-1.21.jar;C:\Users\FAIZAN REZA\.m2\repository\com\github\virtuald\curvesapi\1.07\curvesapi-1.07.jar;C:\Users\FAIZAN REZA\.m2\repository\io\rest-assured\rest-assured\5.3.0\rest-assured-5.3.0.jar;C:\Users\FAIZAN REZA\.m2\repository\org\apache\groovy\groovy\4.0.6\groovy-4.0.6.jar;C:\Users\FAIZAN REZA\.m2\repository\org\apache\groovy\groovy-xml\4.0.6\groovy-xml-4.0.6.jar;C:\Users\FAIZAN REZA\.m2\repository\org\apache\httpcomponents\httpclient\4.5.13\httpclient-4.5.13.jar;C:\Users\FAIZAN REZA\.m2\repository\org\apache\httpcomponents\httpcore\4.4.13\httpcore-4.4.13.jar;C:\Users\FAIZAN REZA\.m2\repository\commons-logging\commons-logging\1.2\commons-logging-1.2.jar;C:\Users\FAIZAN REZA\.m2\repository\org\apache\httpcomponents\httpmime\4.5.13\httpmime-4.5.13.jar;C:\Users\FAIZAN REZA\.m2\repository\org\ccil\cowan\tagsoup\tagsoup\1.2.1\tagsoup-1.2.1.jar;C:\Users\FAIZAN REZA\.m2\repository\io\rest-assured\json-path\5.3.0\json-path-5.3.0.jar;C:\Users\FAIZAN REZA\.m2\repository\org\apache\groovy\groovy-json\4.0.6\groovy-json-4.0.6.jar;C:\Users\FAIZAN REZA\.m2\repository\io\rest-assured\rest-assured-common\5.3.0\rest-assured-common-5.3.0.jar;C:\Users\FAIZAN REZA\.m2\repository\io\rest-assured\xml-path\5.3.0\xml-path-5.3.0.jar;C:\Users\FAIZAN REZA\.m2\repository\org\apache\commons\commons-lang3\3.11\commons-lang3-3.11.jar;C:\Users\FAIZAN REZA\.m2\repository\org\hamcrest\hamcrest\2.2\hamcrest-2.2.jar;C:\Users\FAIZAN REZA\.m2\repository\com\fasterxml\jackson\core\jackson-databind\2.15.1\jackson-databind-2.15.1.jar;C:\Users\FAIZAN REZA\.m2\repository\com\fasterxml\jackson\core\jackson-annotations\2.15.1\jackson-annotations-2.15.1.jar;C:\Users\FAIZAN REZA\.m2\repository\com\fasterxml\jackson\core\jackson-core\2.15.1\jackson-core-2.15.1.jar;C:\Users\FAIZAN REZA\.m2\repository\com\google\code\gson\gson\2.10\gson-2.10.jar;"/>
    <property name="sun.cpu.endian" value="little"/>
    <property name="user.home" value="C:\Users\FAIZAN REZA"/>
    <property name="user.language" value="en"/>
    <property name="java.specification.vendor" value="Oracle Corporation"/>
    <property name="java.version.date" value="2022-10-18"/>
    <property name="java.home" value="C:\Program Files\Java\jdk-19"/>
    <property name="file.separator" value="\"/>
    <property name="basedir" value="C:\Users\FAIZAN REZA\eclipse-workspace\Cucumber"/>
    <property name="java.vm.compressedOopsMode" value="32-bit"/>
    <property name="line.separator" value="&#10;"/>
    <property name="java.vm.specification.vendor" value="Oracle Corporation"/>
    <property name="java.specification.name" value="Java Platform API Specification"/>
    <property name="surefire.real.class.path" value="C:\Users\FAIZAN REZA\AppData\Local\Temp\surefire6854136759255428172\surefirebooter-20230531185408984_3.jar"/>
    <property name="user.script" value=""/>
    <property name="sun.management.compiler" value="HotSpot 64-Bit Tiered Compilers"/>
    <property name="java.runtime.version" value="19.0.1+10-21"/>
    <property name="user.name" value="FAIZAN REZA"/>
    <property name="stdout.encoding" value="UTF-8"/>
    <property name="path.separator" value=";"/>
    <property name="os.version" value="10.0"/>
    <property name="java.runtime.name" value="Java(TM) SE Runtime Environment"/>
    <property name="file.encoding" value="UTF-8"/>
    <property name="java.vm.name" value="Java HotSpot(TM) 64-Bit Server VM"/>
    <property name="localRepository" value="C:\Users\FAIZAN REZA\.m2\repository"/>
    <property name="java.vendor.url.bug" value="https://bugreport.java.com/bugreport/"/>
    <property name="java.io.tmpdir" value="C:\Users\FAIZAN~1\AppData\Local\Temp\"/>
    <property name="java.version" value="19.0.1"/>
    <property name="user.dir" value="C:\Users\FAIZAN REZA\eclipse-workspace\Cucumber"/>
    <property name="os.arch" value="amd64"/>
    <property name="java.vm.specification.name" value="Java Virtual Machine Specification"/>
    <property name="sun.os.patch.level" value=""/>
    <property name="native.encoding" value="UTF-8"/>
    <property name="java.library.path" value="C:\Program Files\Java\jdk-19\bin;C:\WINDOWS\Sun\Java\bin;C:\WINDOWS\system32;C:\WINDOWS;C:\oraclexe\app\oracle\product\11.2.0\server\bin;C:\Program Files\Common Files\Oracle\Java\javapath;C:\WINDOWS\system32;C:\WINDOWS;C:\WINDOWS\System32\Wbem;C:\WINDOWS\System32\WindowsPowerShell\v1.0\;C:\WINDOWS\System32\OpenSSH\;C:\Program Files\Java\jdk-19\bin;C:\Program Files (x86)\nodejs\;D:\apache-maven-3.9.1-bin\apache-maven-3.9.1\bin;C:\Users\FAIZAN REZA\AppData\Local\Microsoft\WindowsApps;C:\Users\FAIZAN REZA\AppData\Roaming\npm;."/>
    <property name="java.vm.info" value="mixed mode, sharing"/>
    <property name="stderr.encoding" value="UTF-8"/>
    <property name="java.vendor" value="Oracle Corporation"/>
    <property name="java.vm.version" value="19.0.1+10-21"/>
    <property name="sun.io.unicode.encoding" value="UnicodeLittle"/>
    <property name="java.class.version" value="63.0"/>
  </properties>
  <testcase name="Add a Place through Api and Validate that place is added" classname="Add a Place" time="5.09">
    <system-out><![CDATA[517bd371c9df9c340e9f9ce647fc3aa8
Rabina
]]></system-out>
  </testcase>
  <testcase name="Delete Place Api" classname="Add a Place" time="1.193"/>
</testsuite>